#
# There is insufficient memory for the Java Runtime Environment to continue.
# Native memory allocation (mmap) failed to map 65011712 bytes for G1 virtual space
# Possible reasons:
#   The system is out of physical RAM or swap space
#   The process is running with CompressedOops enabled, and the Java Heap may be blocking the growth of the native heap
# Possible solutions:
#   Reduce memory load on the system
#   Increase physical memory or swap space
#   Check if swap backing store is full
#   Decrease Java heap size (-Xmx/-Xms)
#   Decrease number of Java threads
#   Decrease Java thread stack sizes (-Xss)
#   Set larger code cache with -XX:ReservedCodeCacheSize=
#   JVM is running with Unscaled Compressed Oops mode in which the Java heap is
#     placed in the first 4GB address space. The Java Heap base address is the
#     maximum limit for the native heap growth. Please use -XX:HeapBaseMinAddress
#     to set the Java Heap base and to place the Java Heap above 4GB virtual address.
# This output file may be truncated or incomplete.
#
#  Out of Memory Error (os_windows.cpp:3466), pid=1580, tid=7672
#
# JRE version:  (16.0.1+9) (build )
# Java VM: OpenJDK 64-Bit Server VM (16.0.1+9-24, mixed mode, sharing, tiered, compressed oops, compressed class ptrs, g1 gc, windows-amd64)
# No core dump will be written. Minidumps are not enabled by default on client versions of Windows
#

---------------  S U M M A R Y ------------

Command Line: -Dfile.encoding=UTF-8 -XX:+ShowCodeDetailsInExceptionMessages com.koreait.networkTest2.Server2

Host: Intel(R) Celeron(R) N4020 CPU @ 1.10GHz, 2 cores, 3G,  Windows 10 , 64 bit Build 19041 (10.0.19041.1023)
Time: Thu Aug 12 14:23:13 2021  Windows 10 , 64 bit Build 19041 (10.0.19041.1023) elapsed time: 0.170525 seconds (0d 0h 0m 0s)

---------------  T H R E A D  ---------------

Current thread (0x000001b49ce38000):  JavaThread "Unknown thread" [_thread_in_vm, id=7672, stack(0x0000003890300000,0x0000003890400000)]

Stack: [0x0000003890300000,0x0000003890400000]
Native frames: (J=compiled Java code, j=interpreted, Vv=VM code, C=native code)
V  [jvm.dll+0x6687ca]
V  [jvm.dll+0x7ca3c9]
V  [jvm.dll+0x7cbb53]
V  [jvm.dll+0x7cc1b3]
V  [jvm.dll+0x242ea5]
V  [jvm.dll+0x665589]
V  [jvm.dll+0x65a175]
V  [jvm.dll+0x2fc5ab]
V  [jvm.dll+0x3037a6]
V  [jvm.dll+0x352fee]
V  [jvm.dll+0x35321f]
V  [jvm.dll+0x2d3618]
V  [jvm.dll+0x2d4854]
V  [jvm.dll+0x79ccb1]
V  [jvm.dll+0x360de1]
V  [jvm.dll+0x77a990]
V  [jvm.dll+0x3e55af]
V  [jvm.dll+0x3e7081]
C  [jli.dll+0x52fb]
C  [ucrtbase.dll+0x21bb2]
C  [KERNEL32.DLL+0x17034]
C  [ntdll.dll+0x52651]


---------------  P R O C E S S  ---------------

Threads class SMR info:
_java_thread_list=0x00007ff91535cbb8, length=0, elements={
}

Java Threads: ( => current thread )

Other Threads:
  0x000001b49ce680e0 GCTaskThread "GC Thread#0" [stack: 0x0000003890400000,0x0000003890500000] [id=10972]
  0x000001b49ce70b40 ConcurrentGCThread "G1 Main Marker" [stack: 0x0000003890500000,0x0000003890600000] [id=244]
  0x000001b49ce728e0 ConcurrentGCThread "G1 Conc#0" [stack: 0x0000003890600000,0x0000003890700000] [id=988]

[error occurred during error reporting (printing all threads), id 0xc0000005, EXCEPTION_ACCESS_VIOLATION (0xc0000005) at pc=0x00007ff914b344d7]

VM state: not at safepoint (not fully initialized)

VM Mutex/Monitor currently owned by a thread:  ([mutex/lock_event])
[0x000001b49ce348e0] Heap_lock - owner thread: 0x000001b49ce38000

Heap address: 0x00000000c2c00000, size: 980 MB, Compressed Oops mode: 32-bit

CDS archive(s) mapped at: [0x0000000000000000-0x0000000000000000-0x0000000000000000), size 0, SharedBaseAddress: 0x0000000800000000, ArchiveRelocationMode: 0.
Narrow klass base: 0x0000000000000000, Narrow klass shift: 0, Narrow klass range: 0x0

GC Precious Log:
<Empty>

Heap:
 garbage-first heap   total 0K, used 0K [0x00000000c2c00000, 0x0000000100000000)
  region size 1024K, 0 young (0K), 0 survivors (0K)

[error occurred during error reporting (printing heap information), id 0xc0000005, EXCEPTION_ACCESS_VIOLATION (0xc0000005) at pc=0x00007ff914f124ed]

GC Heap History (0 events):
No events

Deoptimization events (0 events):
No events

Classes unloaded (0 events):
No events

Classes redefined (0 events):
No events

Internal exceptions (0 events):
No events

Events (1 events):
Event: 0.093 Loaded shared library C:\kookgi2\java\eclipse-java-2021-06-R-win32-x86_64\eclipse\plugins\org.eclipse.justj.openjdk.hotspot.jre.full.win32.x86_64_16.0.1.v20210528-1205\jre\bin\java.dll


Dynamic libraries:
0x00007ff695c90000 - 0x00007ff695c9e000 	C:\kookgi2\java\eclipse-java-2021-06-R-win32-x86_64\eclipse\plugins\org.eclipse.justj.openjdk.hotspot.jre.full.win32.x86_64_16.0.1.v20210528-1205\jre\bin\javaw.exe
0x00007ff965270000 - 0x00007ff965465000 	C:\Windows\SYSTEM32\ntdll.dll
0x00007ff964200000 - 0x00007ff9642bd000 	C:\Windows\System32\KERNEL32.DLL
0x00007ff962f60000 - 0x00007ff963229000 	C:\Windows\System32\KERNELBASE.dll
0x00007ff962c10000 - 0x00007ff962d10000 	C:\Windows\System32\ucrtbase.dll
0x00007ff95e4a0000 - 0x00007ff95e4b8000 	C:\kookgi2\java\eclipse-java-2021-06-R-win32-x86_64\eclipse\plugins\org.eclipse.justj.openjdk.hotspot.jre.full.win32.x86_64_16.0.1.v20210528-1205\jre\bin\jli.dll
0x00007ff9634e0000 - 0x00007ff963680000 	C:\Windows\System32\USER32.dll
0x00007ff962e70000 - 0x00007ff962e92000 	C:\Windows\System32\win32u.dll
0x00007ff964b10000 - 0x00007ff964b3a000 	C:\Windows\System32\GDI32.dll
0x00007ff962a50000 - 0x00007ff962b5b000 	C:\Windows\System32\gdi32full.dll
0x00007ff9629b0000 - 0x00007ff962a4d000 	C:\Windows\System32\msvcp_win.dll
0x00007ff95d660000 - 0x00007ff95d679000 	C:\kookgi2\java\eclipse-java-2021-06-R-win32-x86_64\eclipse\plugins\org.eclipse.justj.openjdk.hotspot.jre.full.win32.x86_64_16.0.1.v20210528-1205\jre\bin\VCRUNTIME140.dll
0x00007ff94a7b0000 - 0x00007ff94aa4a000 	C:\Windows\WinSxS\amd64_microsoft.windows.common-controls_6595b64144ccf1df_6.0.19041.1110_none_60b5254171f9507e\COMCTL32.dll
0x00007ff963aa0000 - 0x00007ff963b3e000 	C:\Windows\System32\msvcrt.dll
0x00007ff9634b0000 - 0x00007ff9634e0000 	C:\Windows\System32\IMM32.DLL
0x00007ff960240000 - 0x00007ff96024c000 	C:\kookgi2\java\eclipse-java-2021-06-R-win32-x86_64\eclipse\plugins\org.eclipse.justj.openjdk.hotspot.jre.full.win32.x86_64_16.0.1.v20210528-1205\jre\bin\vcruntime140_1.dll
0x00007ff95b0e0000 - 0x00007ff95b171000 	C:\kookgi2\java\eclipse-java-2021-06-R-win32-x86_64\eclipse\plugins\org.eclipse.justj.openjdk.hotspot.jre.full.win32.x86_64_16.0.1.v20210528-1205\jre\bin\msvcp140.dll
0x00007ff914850000 - 0x00007ff9153fb000 	C:\kookgi2\java\eclipse-java-2021-06-R-win32-x86_64\eclipse\plugins\org.eclipse.justj.openjdk.hotspot.jre.full.win32.x86_64_16.0.1.v20210528-1205\jre\bin\server\jvm.dll
0x00007ff963400000 - 0x00007ff9634ac000 	C:\Windows\System32\ADVAPI32.dll
0x00007ff963b50000 - 0x00007ff963beb000 	C:\Windows\System32\sechost.dll
0x00007ff963680000 - 0x00007ff9637aa000 	C:\Windows\System32\RPCRT4.dll
0x00007ff964b00000 - 0x00007ff964b08000 	C:\Windows\System32\PSAPI.DLL
0x00007ff95aa80000 - 0x00007ff95aa89000 	C:\Windows\SYSTEM32\WSOCK32.dll
0x00007ff964130000 - 0x00007ff96419b000 	C:\Windows\System32\WS2_32.dll
0x00007ff945e30000 - 0x00007ff945e57000 	C:\Windows\SYSTEM32\WINMM.dll
0x00007ff95bef0000 - 0x00007ff95befa000 	C:\Windows\SYSTEM32\VERSION.dll
0x00007ff9608e0000 - 0x00007ff9608f2000 	C:\Windows\SYSTEM32\kernel.appcore.dll
0x00007ff94c7b0000 - 0x00007ff94c7ba000 	C:\kookgi2\java\eclipse-java-2021-06-R-win32-x86_64\eclipse\plugins\org.eclipse.justj.openjdk.hotspot.jre.full.win32.x86_64_16.0.1.v20210528-1205\jre\bin\jimage.dll
0x00007ff95a030000 - 0x00007ff95a214000 	C:\Windows\SYSTEM32\DBGHELP.DLL
0x00007ff951f30000 - 0x00007ff951f5c000 	C:\Windows\SYSTEM32\dbgcore.DLL
0x00007ff962ed0000 - 0x00007ff962f53000 	C:\Windows\System32\bcryptPrimitives.dll
0x00007ff92bf60000 - 0x00007ff92bf85000 	C:\kookgi2\java\eclipse-java-2021-06-R-win32-x86_64\eclipse\plugins\org.eclipse.justj.openjdk.hotspot.jre.full.win32.x86_64_16.0.1.v20210528-1205\jre\bin\java.dll

dbghelp: loaded successfully - version: 4.0.5 - missing functions: none
symbol engine: initialized successfully - sym options: 0x614 - pdb path: .;C:\kookgi2\java\eclipse-java-2021-06-R-win32-x86_64\eclipse\plugins\org.eclipse.justj.openjdk.hotspot.jre.full.win32.x86_64_16.0.1.v20210528-1205\jre\bin;C:\Windows\SYSTEM32;C:\Windows\WinSxS\amd64_microsoft.windows.common-controls_6595b64144ccf1df_6.0.19041.1110_none_60b5254171f9507e;C:\kookgi2\java\eclipse-java-2021-06-R-win32-x86_64\eclipse\plugins\org.eclipse.justj.openjdk.hotspot.jre.full.win32.x86_64_16.0.1.v20210528-1205\jre\bin\server

VM Arguments:
jvm_args: -Dfile.encoding=UTF-8 -XX:+ShowCodeDetailsInExceptionMessages 
java_command: com.koreait.networkTest2.Server2
java_class_path (initial): C:\kookgi2\java\workspace\0812\bin
Launcher Type: SUN_STANDARD

[Global flags]
     intx CICompilerCount                          = 2                                         {product} {ergonomic}
     uint ConcGCThreads                            = 1                                         {product} {ergonomic}
     uint G1ConcRefinementThreads                  = 2                                         {product} {ergonomic}
   size_t G1HeapRegionSize                         = 1048576                                   {product} {ergonomic}
    uintx GCDrainStackTargetSize                   = 64                                        {product} {ergonomic}
   size_t InitialHeapSize                          = 65011712                                  {product} {ergonomic}
   size_t MarkStackSize                            = 4194304                                   {product} {ergonomic}
   size_t MaxHeapSize                              = 1027604480                                {product} {ergonomic}
   size_t MinHeapDeltaBytes                        = 1048576                                   {product} {ergonomic}
   size_t MinHeapSize                              = 8388608                                   {product} {ergonomic}
    uintx NonNMethodCodeHeapSize                   = 5826188                                {pd product} {ergonomic}
    uintx NonProfiledCodeHeapSize                  = 122916026                              {pd product} {ergonomic}
    uintx ProfiledCodeHeapSize                     = 122916026                              {pd product} {ergonomic}
    uintx ReservedCodeCacheSize                    = 251658240                              {pd product} {ergonomic}
     bool SegmentedCodeCache                       = true                                      {product} {ergonomic}
     bool ShowCodeDetailsInExceptionMessages       = true                                   {manageable} {command line}
   size_t SoftMaxHeapSize                          = 1027604480                             {manageable} {ergonomic}
     bool UseCompressedClassPointers               = true                           {product lp64_product} {ergonomic}
     bool UseCompressedOops                        = true                           {product lp64_product} {ergonomic}
     bool UseG1GC                                  = true                                      {product} {ergonomic}
     bool UseLargePagesIndividualAllocation        = false                                  {pd product} {ergonomic}

Logging:
Log output configuration:
 #0: stdout all=warning uptime,level,tags
 #1: stderr all=off uptime,level,tags

Environment Variables:
PATH=C:/kookgi2/java/eclipse-java-2021-06-R-win32-x86_64/eclipse//plugins/org.eclipse.justj.openjdk.hotspot.jre.full.win32.x86_64_16.0.1.v20210528-1205/jre/bin/server;C:/kookgi2/java/eclipse-java-2021-06-R-win32-x86_64/eclipse//plugins/org.eclipse.justj.openjdk.hotspot.jre.full.win32.x86_64_16.0.1.v20210528-1205/jre/bin;C:\Program Files\Common Files\Oracle\Java\javapath;C:\Program Files\Python38\Scripts\;C:\Program Files\Python38\;C:\Users\toquf\OneDrive\πŸ≈¡ »≠∏È\Scripts\;C:\Users\toquf\OneDrive\πŸ≈¡ »≠∏È\;C:\Windows\system32;C:\Windows;C:\Windows\System32\Wbem;C:\Windows\System32\WindowsPowerShell\v1.0\;C:\Windows\System32\OpenSSH\;C:\Program Files\Intel\TXE Components\DAL\;C:\Program Files (x86)\Intel\TXE Components\DAL\;C:\python;C:\python\Scripts;c:\users\toquf\appdata\roaming\python\python38\site-packages;C:\python\Scripts\;C:\python\;c:\users\toquf\appdata\roaming\python\python38\site-packages;;C:\kookgi2\java\eclipse-java-2021-06-R-win32-x86_64\eclipse;
USERNAME=toquf
OS=Windows_NT
PROCESSOR_IDENTIFIER=Intel64 Family 6 Model 122 Stepping 8, GenuineIntel



---------------  S Y S T E M  ---------------

OS:
 Windows 10 , 64 bit Build 19041 (10.0.19041.1023)
OS uptime: 1 days 3:43 hours

CPU: total 2 (initial active 2) (2 cores per cpu, 1 threads per core) family 6 model 122 stepping 8 microcode 0x18, cx8, cmov, fxsr, mmx, 3dnowpref, sse, sse2, sse3, ssse3, sse4.1, sse4.2, popcnt, tsc, tscinvbit, aes, erms, clmul, sha, clflush, clflushopt

Memory: 4k page, system-wide physical 3914M (347M free)
TotalPageFile size 11210M (AvailPageFile size 19M)
current process WorkingSet (physical memory assigned to process): 9M, peak: 9M
current process commit charge ("private bytes"): 47M, peak: 109M

vm_info: OpenJDK 64-Bit Server VM (16.0.1+9-24) for windows-amd64 JRE (16.0.1+9-24), built on Mar 26 2021 19:30:07 by "mach5one" with MS VC++ 16.7 (VS2019)

END.
